0 info it worked if it ends with ok
1 verbose cli [ '/usr/local/Cellar/node/6.2.1/bin/node',
1 verbose cli   '/Users/cagatay/.npm-packages/bin/npm',
1 verbose cli   'publish' ]
2 info using npm@3.9.5
3 info using node@v6.2.1
4 verbose publish [ '.' ]
5 silly cache add args [ '.', null ]
6 verbose cache add spec .
7 silly cache add parsed spec Result {
7 silly cache add   raw: '.',
7 silly cache add   scope: null,
7 silly cache add   name: null,
7 silly cache add   rawSpec: '.',
7 silly cache add   spec: '/Users/cagatay/Playground/fuck',
7 silly cache add   type: 'directory' }
8 verbose addLocalDirectory /Users/cagatay/.npm/f*ck/1.0.0/package.tgz not in flight; packing
9 verbose correctMkdir /Users/cagatay/.npm correctMkdir not in flight; initializing
10 info lifecycle f*ck@1.0.0~prepublish: f*ck@1.0.0
11 silly lifecycle f*ck@1.0.0~prepublish: no script for prepublish, continuing
12 verbose tar pack [ '/Users/cagatay/.npm/f*ck/1.0.0/package.tgz',
12 verbose tar pack   '/Users/cagatay/Playground/fuck' ]
13 verbose tarball /Users/cagatay/.npm/f*ck/1.0.0/package.tgz
14 verbose folder /Users/cagatay/Playground/fuck
15 verbose addLocalTarball adding from inside cache /Users/cagatay/.npm/f*ck/1.0.0/package.tgz
16 verbose correctMkdir /Users/cagatay/.npm correctMkdir not in flight; initializing
17 silly cache afterAdd f*ck@1.0.0
18 verbose afterAdd /Users/cagatay/.npm/f*ck/1.0.0/package/package.json not in flight; writing
19 verbose correctMkdir /Users/cagatay/.npm correctMkdir not in flight; initializing
20 verbose afterAdd /Users/cagatay/.npm/f*ck/1.0.0/package/package.json written
21 silly publish { name: 'f*ck',
21 silly publish   version: '1.0.0',
21 silly publish   description: 'Brainfuck, programmatically.',
21 silly publish   main: 'index.js',
21 silly publish   scripts: { test: 'echo "Error: no test specified" && exit 1' },
21 silly publish   author: { name: 'Çağatay ÇALI' },
21 silly publish   license: 'ISC',
21 silly publish   dependencies: { async: '^2.0.1', 'node-brainfuck': '0.0.2' },
21 silly publish   readme: '# Install\n\n```\nnpm i --save f*ck\n```\n\n# Usage\n```\nvar f = require(\'f*ck\');\n\nf(\'++++++++++[>+++++++>++++++++++>+++>+<<<<-]>++.>+.+++++++..+++.>++.<<+++++++++++++++.>.+++.------.--------.>+.>.\')\n  .then((value) => {console.log(value);})\n  .catch((err) => {console.log(err);})\n\n```\n\n# Demo\n',
21 silly publish   readmeFilename: 'README.md',
21 silly publish   gitHead: 'e117c8e451255d025b8c26f85a932ccc08e6886b',
21 silly publish   _id: 'f*ck@1.0.0',
21 silly publish   _shasum: '31d53e93d4dbd6b0b358503aa4be0c4991942911',
21 silly publish   _from: '.' }
22 verbose getPublishConfig undefined
23 silly mapToRegistry name f*ck
24 silly mapToRegistry using default registry
25 silly mapToRegistry registry https://registry.npmjs.org/
26 silly mapToRegistry data Result {
26 silly mapToRegistry   raw: 'f*ck',
26 silly mapToRegistry   scope: null,
26 silly mapToRegistry   name: null,
26 silly mapToRegistry   rawSpec: 'f*ck',
26 silly mapToRegistry   spec: 'f*ck',
26 silly mapToRegistry   type: 'local' }
27 silly mapToRegistry uri https://registry.npmjs.org/f*ck
28 verbose publish registryBase https://registry.npmjs.org/
29 silly publish uploading /Users/cagatay/.npm/f*ck/1.0.0/package.tgz
30 verbose request uri https://registry.npmjs.org/f*ck
31 verbose request sending authorization for write operation
32 info attempt registry request try #1 at 6:10:21 PM
33 verbose request using bearer token for auth
34 verbose request id 431f1827ee69d0db
35 http request PUT https://registry.npmjs.org/f*ck
36 http 500 https://registry.npmjs.org/f*ck
37 verbose headers { 'content-type': 'application/json',
37 verbose headers   'cache-control': 'max-age=0',
37 verbose headers   'content-length': '48',
37 verbose headers   'accept-ranges': 'bytes',
37 verbose headers   date: 'Thu, 29 Sep 2016 01:10:23 GMT',
37 verbose headers   via: '1.1 varnish',
37 verbose headers   connection: 'keep-alive',
37 verbose headers   'x-served-by': 'cache-ams4432-AMS',
37 verbose headers   'x-cache': 'MISS',
37 verbose headers   'x-cache-hits': '0',
37 verbose headers   'x-timer': 'S1475111421.672392,VS0,VE2069' }
38 info retry will retry, error on last attempt: Error: "name was invalid" : f*ck
39 info attempt registry request try #2 at 6:10:33 PM
40 verbose request using bearer token for auth
41 http request PUT https://registry.npmjs.org/f*ck
42 http 500 https://registry.npmjs.org/f*ck
43 verbose headers { 'content-type': 'application/json',
43 verbose headers   'cache-control': 'max-age=0',
43 verbose headers   'content-length': '48',
43 verbose headers   'accept-ranges': 'bytes',
43 verbose headers   date: 'Thu, 29 Sep 2016 01:10:34 GMT',
43 verbose headers   via: '1.1 varnish',
43 verbose headers   connection: 'keep-alive',
43 verbose headers   'x-served-by': 'cache-ams4432-AMS',
43 verbose headers   'x-cache': 'MISS',
43 verbose headers   'x-cache-hits': '0',
43 verbose headers   'x-timer': 'S1475111433.893820,VS0,VE876' }
44 info retry will retry, error on last attempt: Error: "name was invalid" : f*ck
45 info attempt registry request try #3 at 6:11:34 PM
46 verbose request using bearer token for auth
47 http request PUT https://registry.npmjs.org/f*ck
48 http 500 https://registry.npmjs.org/f*ck
49 verbose headers { 'content-type': 'application/json',
49 verbose headers   'cache-control': 'max-age=0',
49 verbose headers   'content-length': '48',
49 verbose headers   'accept-ranges': 'bytes',
49 verbose headers   date: 'Thu, 29 Sep 2016 01:11:35 GMT',
49 verbose headers   via: '1.1 varnish',
49 verbose headers   connection: 'keep-alive',
49 verbose headers   'x-served-by': 'cache-ams4432-AMS',
49 verbose headers   'x-cache': 'MISS',
49 verbose headers   'x-cache-hits': '0',
49 verbose headers   'x-timer': 'S1475111494.864484,VS0,VE937' }
50 verbose request invalidating /Users/cagatay/.npm/registry.npmjs.org/f*ck on PUT
51 error publish Failed PUT 500
52 verbose stack Error: "name was invalid" : f*ck
52 verbose stack     at makeError (/Users/cagatay/.npm-packages/lib/node_modules/npm/node_modules/npm-registry-client/lib/request.js:264:12)
52 verbose stack     at CachingRegistryClient.<anonymous> (/Users/cagatay/.npm-packages/lib/node_modules/npm/node_modules/npm-registry-client/lib/request.js:252:14)
52 verbose stack     at Request._callback (/Users/cagatay/.npm-packages/lib/node_modules/npm/node_modules/npm-registry-client/lib/request.js:172:14)
52 verbose stack     at Request.self.callback (/Users/cagatay/.npm-packages/lib/node_modules/npm/node_modules/request/request.js:200:22)
52 verbose stack     at emitTwo (events.js:106:13)
52 verbose stack     at Request.emit (events.js:191:7)
52 verbose stack     at Request.<anonymous> (/Users/cagatay/.npm-packages/lib/node_modules/npm/node_modules/request/request.js:1067:10)
52 verbose stack     at emitOne (events.js:101:20)
52 verbose stack     at Request.emit (events.js:188:7)
52 verbose stack     at IncomingMessage.<anonymous> (/Users/cagatay/.npm-packages/lib/node_modules/npm/node_modules/request/request.js:988:12)
53 verbose statusCode 500
54 verbose pkgid f*ck
55 verbose cwd /Users/cagatay/Playground/fuck
56 error Darwin 16.1.0
57 error argv "/usr/local/Cellar/node/6.2.1/bin/node" "/Users/cagatay/.npm-packages/bin/npm" "publish"
58 error node v6.2.1
59 error npm  v3.9.5
60 error code E500
61 error "name was invalid" : f*ck
62 error If you need help, you may report this error at:
62 error     <https://github.com/npm/npm/issues>
63 verbose exit [ 1, true ]
